2025-02-25 14:58:44 - [restartedMain] - c.b.M.MysqlApplication - Starting MysqlApplication using Java 23.0.2 with PID 10456 (F:\New folder\MysqlAppliaction\target\classes started by AVINASH KUMAR RAI in F:\New folder\MysqlAppliaction)
2025-02-25 14:58:44 - [restartedMain] - c.b.M.MysqlApplication - The following 1 profile is active: "mysql"
2025-02-25 14:58:44 - [restartedMain] - o.s.b.d.e.DevToolsPropertyDefaultsPostProcessor - Devtools property defaults active! Set 'spring.devtools.add-properties' to 'false' to disable
2025-02-25 14:58:44 - [restartedMain] - o.s.b.d.e.DevToolsPropertyDefaultsPostProcessor - For additional web related logging consider setting the 'logging.level.web' property to 'DEBUG'
2025-02-25 14:58:45 - [restartedMain] - o.s.d.r.c.RepositoryConfigurationDelegate - Bootstrapping Spring Data JPA repositories in DEFAULT mode.
2025-02-25 14:58:45 - [restartedMain] - o.s.d.r.c.RepositoryConfigurationDelegate - Finished Spring Data repository scanning in 41 ms. Found 1 JPA repository interface.
2025-02-25 14:58:46 - [restartedMain] - o.s.b.w.e.tomcat.TomcatWebServer - Tomcat initialized with port 8080 (http)
2025-02-25 14:58:46 - [restartedMain] - o.a.catalina.core.StandardService - Starting service [Tomcat]
2025-02-25 14:58:46 - [restartedMain] - o.a.catalina.core.StandardEngine - Starting Servlet engine: [Apache Tomcat/10.1.36]
2025-02-25 14:58:46 - [restartedMain] - o.a.c.c.C.[Tomcat].[localhost].[/] - Initializing Spring embedded WebApplicationContext
2025-02-25 14:58:46 - [restartedMain] - o.s.b.w.s.c.ServletWebServerApplicationContext - Root WebApplicationContext: initialization completed in 1401 ms
2025-02-25 14:58:46 - [restartedMain] - o.h.jpa.internal.util.LogHelper - HHH000204: Processing PersistenceUnitInfo [name: default]
2025-02-25 14:58:46 - [restartedMain] - org.hibernate.Version - HHH000412: Hibernate ORM core version 6.6.8.Final
2025-02-25 14:58:46 - [restartedMain] - o.h.c.i.RegionFactoryInitiator - HHH000026: Second-level cache disabled
2025-02-25 14:58:46 - [restartedMain] - o.s.o.j.p.SpringPersistenceUnitInfo - No LoadTimeWeaver setup: ignoring JPA class transformer
2025-02-25 14:58:46 - [restartedMain] - com.zaxxer.hikari.HikariDataSource - HikariPool-1 - Starting...
2025-02-25 14:58:47 - [restartedMain] - com.zaxxer.hikari.pool.HikariPool - HikariPool-1 - Added connection com.mysql.cj.jdbc.ConnectionImpl@3d321f56
2025-02-25 14:58:47 - [restartedMain] - com.zaxxer.hikari.HikariDataSource - HikariPool-1 - Start completed.
2025-02-25 14:58:47 - [restartedMain] - org.hibernate.orm.deprecation - HHH90000025: MySQL8Dialect does not need to be specified explicitly using 'hibernate.dialect' (remove the property setting and it will be selected by default)
2025-02-25 14:58:47 - [restartedMain] - org.hibernate.orm.deprecation - HHH90000026: MySQL8Dialect has been deprecated; use org.hibernate.dialect.MySQLDialect instead
2025-02-25 14:58:47 - [restartedMain] - o.hibernate.orm.connections.pooling - HHH10001005: Database info:
	Database JDBC URL [Connecting through datasource 'HikariDataSource (HikariPool-1)']
	Database driver: undefined/unknown
	Database version: 8.0
	Autocommit mode: undefined/unknown
	Isolation level: undefined/unknown
	Minimum pool size: undefined/unknown
	Maximum pool size: undefined/unknown
2025-02-25 14:58:47 - [restartedMain] - o.h.e.t.j.p.i.JtaPlatformInitiator - HHH000489: No JTA platform available (set 'hibernate.transaction.jta.platform' to enable JTA platform integration)
2025-02-25 14:58:47 - [restartedMain] - o.s.o.j.LocalContainerEntityManagerFactoryBean - Initialized JPA EntityManagerFactory for persistence unit 'default'
2025-02-25 14:58:48 - [restartedMain] - o.s.b.a.o.j.JpaBaseConfiguration$JpaWebConfiguration - spring.jpa.open-in-view is enabled by default. Therefore, database queries may be performed during view rendering. Explicitly configure spring.jpa.open-in-view to disable this warning
2025-02-25 14:58:48 - [restartedMain] - o.s.b.a.h.H2ConsoleAutoConfiguration - H2 console available at '/h2-console'. Database available at 'jdbc:mysql://localhost:3306/employeedb'
2025-02-25 14:58:48 - [restartedMain] - o.s.b.d.a.OptionalLiveReloadServer - LiveReload server is running on port 35729
2025-02-25 14:58:48 - [restartedMain] - o.s.b.w.e.tomcat.TomcatWebServer - Tomcat started on port 8080 (http) with context path '/'
2025-02-25 14:58:48 - [restartedMain] - c.b.M.MysqlApplication - Started MysqlApplication in 4.322 seconds (process running for 4.803)
2025-02-25 14:59:28 - [SpringApplicationShutdownHook] - o.s.b.w.e.tomcat.GracefulShutdown - Commencing graceful shutdown. Waiting for active requests to complete
2025-02-25 14:59:28 - [tomcat-shutdown] - o.s.b.w.e.tomcat.GracefulShutdown - Graceful shutdown complete
2025-02-25 14:59:28 - [SpringApplicationShutdownHook] - o.s.o.j.LocalContainerEntityManagerFactoryBean - Closing JPA EntityManagerFactory for persistence unit 'default'
2025-02-25 14:59:28 - [SpringApplicationShutdownHook] - com.zaxxer.hikari.HikariDataSource - HikariPool-1 - Shutdown initiated...
2025-02-25 14:59:28 - [SpringApplicationShutdownHook] - com.zaxxer.hikari.HikariDataSource - HikariPool-1 - Shutdown completed.
2025-02-25 15:38:31 - [restartedMain] - c.b.M.MysqlApplication - Starting MysqlApplication using Java 23.0.2 with PID 2452 (F:\New folder\MysqlAppliaction\target\classes started by AVINASH KUMAR RAI in F:\New folder\MysqlAppliaction)
2025-02-25 15:38:31 - [restartedMain] - c.b.M.MysqlApplication - The following 1 profile is active: "dev"
2025-02-25 15:38:32 - [restartedMain] - o.s.b.d.e.DevToolsPropertyDefaultsPostProcessor - Devtools property defaults active! Set 'spring.devtools.add-properties' to 'false' to disable
2025-02-25 15:38:32 - [restartedMain] - o.s.b.d.e.DevToolsPropertyDefaultsPostProcessor - For additional web related logging consider setting the 'logging.level.web' property to 'DEBUG'
2025-02-25 15:38:32 - [restartedMain] - o.s.d.r.c.RepositoryConfigurationDelegate - Bootstrapping Spring Data JPA repositories in DEFAULT mode.
2025-02-25 15:38:32 - [restartedMain] - o.s.d.r.c.RepositoryConfigurationDelegate - Finished Spring Data repository scanning in 43 ms. Found 1 JPA repository interface.
2025-02-25 15:38:33 - [restartedMain] - o.s.b.w.e.tomcat.TomcatWebServer - Tomcat initialized with port 8080 (http)
2025-02-25 15:38:33 - [restartedMain] - o.a.catalina.core.StandardService - Starting service [Tomcat]
2025-02-25 15:38:33 - [restartedMain] - o.a.catalina.core.StandardEngine - Starting Servlet engine: [Apache Tomcat/10.1.36]
2025-02-25 15:38:33 - [restartedMain] - o.a.c.c.C.[Tomcat].[localhost].[/] - Initializing Spring embedded WebApplicationContext
2025-02-25 15:38:33 - [restartedMain] - o.s.b.w.s.c.ServletWebServerApplicationContext - Root WebApplicationContext: initialization completed in 1415 ms
2025-02-25 15:38:33 - [restartedMain] - com.zaxxer.hikari.HikariDataSource - HikariPool-1 - Starting...
2025-02-25 15:38:33 - [restartedMain] - com.zaxxer.hikari.pool.HikariPool - HikariPool-1 - Added connection conn0: url=jdbc:h2:mem:2bdae001-06cd-41a4-a528-d5b62301f257 user=SA
2025-02-25 15:38:33 - [restartedMain] - com.zaxxer.hikari.HikariDataSource - HikariPool-1 - Start completed.
2025-02-25 15:38:33 - [restartedMain] - o.h.jpa.internal.util.LogHelper - HHH000204: Processing PersistenceUnitInfo [name: default]
2025-02-25 15:38:33 - [restartedMain] - org.hibernate.Version - HHH000412: Hibernate ORM core version 6.6.8.Final
2025-02-25 15:38:33 - [restartedMain] - o.h.c.i.RegionFactoryInitiator - HHH000026: Second-level cache disabled
2025-02-25 15:38:34 - [restartedMain] - o.s.o.j.p.SpringPersistenceUnitInfo - No LoadTimeWeaver setup: ignoring JPA class transformer
2025-02-25 15:38:34 - [restartedMain] - o.hibernate.orm.connections.pooling - HHH10001005: Database info:
	Database JDBC URL [Connecting through datasource 'HikariDataSource (HikariPool-1)']
	Database driver: undefined/unknown
	Database version: 2.3.232
	Autocommit mode: undefined/unknown
	Isolation level: undefined/unknown
	Minimum pool size: undefined/unknown
	Maximum pool size: undefined/unknown
2025-02-25 15:38:34 - [restartedMain] - o.h.e.t.j.p.i.JtaPlatformInitiator - HHH000489: No JTA platform available (set 'hibernate.transaction.jta.platform' to enable JTA platform integration)
2025-02-25 15:38:34 - [restartedMain] - o.s.o.j.LocalContainerEntityManagerFactoryBean - Initialized JPA EntityManagerFactory for persistence unit 'default'
2025-02-25 15:38:35 - [restartedMain] - o.s.b.a.o.j.JpaBaseConfiguration$JpaWebConfiguration - spring.jpa.open-in-view is enabled by default. Therefore, database queries may be performed during view rendering. Explicitly configure spring.jpa.open-in-view to disable this warning
2025-02-25 15:38:35 - [restartedMain] - o.s.b.a.h.H2ConsoleAutoConfiguration - H2 console available at '/h2-console'. Database available at 'jdbc:h2:mem:2bdae001-06cd-41a4-a528-d5b62301f257'
2025-02-25 15:38:35 - [restartedMain] - o.s.b.d.a.OptionalLiveReloadServer - LiveReload server is running on port 35729
2025-02-25 15:38:35 - [restartedMain] - o.s.b.w.e.tomcat.TomcatWebServer - Tomcat started on port 8080 (http) with context path '/'
2025-02-25 15:38:35 - [restartedMain] - c.b.M.MysqlApplication - Started MysqlApplication in 4.244 seconds (process running for 4.863)
2025-02-25 15:42:32 - [SpringApplicationShutdownHook] - o.s.b.w.e.tomcat.GracefulShutdown - Commencing graceful shutdown. Waiting for active requests to complete
2025-02-25 15:42:32 - [tomcat-shutdown] - o.s.b.w.e.tomcat.GracefulShutdown - Graceful shutdown complete
2025-02-25 15:42:32 - [SpringApplicationShutdownHook] - o.s.o.j.LocalContainerEntityManagerFactoryBean - Closing JPA EntityManagerFactory for persistence unit 'default'
2025-02-25 15:42:32 - [SpringApplicationShutdownHook] - o.s.b.f.s.DisposableBeanAdapter - Invocation of destroy method failed on bean with name 'inMemoryDatabaseShutdownExecutor': org.h2.jdbc.JdbcSQLNonTransientConnectionException: Database is already closed (to disable automatic closing at VM shutdown, add ";DB_CLOSE_ON_EXIT=FALSE" to the db URL) [90121-232]
2025-02-25 15:42:32 - [SpringApplicationShutdownHook] - com.zaxxer.hikari.HikariDataSource - HikariPool-1 - Shutdown initiated...
2025-02-25 15:42:32 - [SpringApplicationShutdownHook] - com.zaxxer.hikari.HikariDataSource - HikariPool-1 - Shutdown completed.
